#
# There is insufficient memory for the Java Runtime Environment to continue.
# Native memory allocation (mmap) failed to map 182452224 bytes for committing reserved memory.
# Possible reasons:
#   The system is out of physical RAM or swap space
#   In 32 bit mode, the process size limit was hit
# Possible solutions:
#   Reduce memory load on the system
#   Increase physical memory or swap space
#   Check if swap backing store is full
#   Use 64 bit Java on a 64 bit OS
#   Decrease Java heap size (-Xmx/-Xms)
#   Decrease number of Java threads
#   Decrease Java thread stack sizes (-Xss)
#   Set larger code cache with -XX:ReservedCodeCacheSize=
# This output file may be truncated or incomplete.
#
#  Out of Memory Error (os_linux.cpp:2627), pid=15260, tid=140433207289600
#
# JRE version: Java(TM) SE Runtime Environment (8.0_91-b14) (build 1.8.0_91-b14)
# Java VM: Java HotSpot(TM) 64-Bit Server VM (25.91-b14 mixed mode linux-amd64 compressed oops)
# Failed to write core dump. Core dumps have been disabled. To enable core dumping, try "ulimit -c unlimited" before starting Java again
#

---------------  T H R E A D  ---------------

Current thread (0x00007fb93c078000):  VMThread [stack: 0x00007fb9275f6000,0x00007fb9276f7000] [id=15270]

Stack: [0x00007fb9275f6000,0x00007fb9276f7000],  sp=0x00007fb9276f53a0,  free space=1020k
Native frames: (J=compiled Java code, j=interpreted, Vv=VM code, C=native code)
V  [libjvm.so+0xabc18a]  VMError::report_and_die()+0x2ba
V  [libjvm.so+0x4fafeb]  report_vm_out_of_memory(char const*, int, unsigned long, VMErrorType, char const*)+0x8b
V  [libjvm.so+0x91cbb3]  os::Linux::commit_memory_impl(char*, unsigned long, bool)+0x103
V  [libjvm.so+0x91d109]  os::pd_commit_memory(char*, unsigned long, unsigned long, bool)+0x29
V  [libjvm.so+0x91740a]  os::commit_memory(char*, unsigned long, unsigned long, bool)+0x2a
V  [libjvm.so+0x98b033]  PSVirtualSpace::expand_by(unsigned long)+0x53
V  [libjvm.so+0x97b920]  PSOldGen::expand(unsigned long)+0x170
V  [libjvm.so+0x97bb2b]  PSOldGen::resize(unsigned long)+0x1cb
V  [libjvm.so+0x983801]  PSParallelCompact::invoke_no_policy(bool)+0x991
V  [libjvm.so+0x98915d]  PSScavenge::invoke()+0x1ad
V  [libjvm.so+0x9408b0]  ParallelScavengeHeap::failed_mem_allocate(unsigned long)+0x70
V  [libjvm.so+0xabdba7]  VM_ParallelGCFailedAllocation::doit()+0x97
V  [libjvm.so+0xac55d5]  VM_Operation::evaluate()+0x55
V  [libjvm.so+0xac39aa]  VMThread::evaluate_operation(VM_Operation*)+0xba
V  [libjvm.so+0xac3d2e]  VMThread::loop()+0x1ce
V  [libjvm.so+0xac41a0]  VMThread::run()+0x70
V  [libjvm.so+0x91ef78]  java_start(Thread*)+0x108

VM_Operation (0x00007fb945e4f6b0): ParallelGCFailedAllocation, mode: safepoint, requested by thread 0x00007fb93c00a000


---------------  P R O C E S S  ---------------

Java Threads: ( => current thread )
  0x00007fb93c18d800 JavaThread "pool-2-thread-4" [_thread_blocked, id=15283, stack(0x00007fb925d11000,0x00007fb925e12000)]
  0x00007fb93c18c000 JavaThread "pool-2-thread-3" [_thread_blocked, id=15282, stack(0x00007fb925e12000,0x00007fb925f13000)]
  0x00007fb93c18a000 JavaThread "pool-2-thread-2" [_thread_blocked, id=15281, stack(0x00007fb925f13000,0x00007fb926014000)]
  0x00007fb93c189000 JavaThread "pool-3-thread-1" [_thread_blocked, id=15280, stack(0x00007fb926014000,0x00007fb926115000)]
  0x00007fb93c186800 JavaThread "pool-2-thread-1" [_thread_blocked, id=15279, stack(0x00007fb926115000,0x00007fb926216000)]
  0x00007fb93c0d3000 JavaThread "Service Thread" daemon [_thread_blocked, id=15277, stack(0x00007fb9263f2000,0x00007fb9264f3000)]
  0x00007fb93c0be000 JavaThread "C1 CompilerThread2" daemon [_thread_blocked, id=15276, stack(0x00007fb9264f3000,0x00007fb9265f4000)]
  0x00007fb93c0bc000 JavaThread "C2 CompilerThread1" daemon [_thread_blocked, id=15275, stack(0x00007fb9265f4000,0x00007fb9266f5000)]
  0x00007fb93c0b9800 JavaThread "C2 CompilerThread0" daemon [_thread_blocked, id=15274, stack(0x00007fb9266f5000,0x00007fb9267f6000)]
  0x00007fb93c0b8000 JavaThread "Signal Dispatcher" daemon [_thread_blocked, id=15273, stack(0x00007fb9267f6000,0x00007fb9268f7000)]
  0x00007fb93c084000 JavaThread "Finalizer" daemon [_thread_blocked, id=15272, stack(0x00007fb9273f4000,0x00007fb9274f5000)]
  0x00007fb93c07f800 JavaThread "Reference Handler" daemon [_thread_blocked, id=15271, stack(0x00007fb9274f5000,0x00007fb9275f6000)]
  0x00007fb93c00a000 JavaThread "main" [_thread_blocked, id=15265, stack(0x00007fb945d51000,0x00007fb945e52000)]

Other Threads:
=>0x00007fb93c078000 VMThread [stack: 0x00007fb9275f6000,0x00007fb9276f7000] [id=15270]
  0x00007fb93c0d6000 WatcherThread [stack: 0x00007fb9262f1000,0x00007fb9263f2000] [id=15278]

VM state:at safepoint (normal execution)

VM Mutex/Monitor currently owned by a thread:  ([mutex/lock_event])
[0x00007fb93c005eb0] ExpandHeap_lock - owner thread: 0x00007fb93c078000
[0x00007fb93c006530] Threads_lock - owner thread: 0x00007fb93c078000
[0x00007fb93c006a30] Heap_lock - owner thread: 0x00007fb93c00a000

Heap:
 PSYoungGen      total 232960K, used 85688K [0x00000000eab00000, 0x0000000100000000, 0x0000000100000000)
  eden space 116736K, 0% used [0x00000000eab00000,0x00000000eab00000,0x00000000f1d00000)
  from space 116224K, 73% used [0x00000000f8e80000,0x00000000fe22e0a8,0x0000000100000000)
  to   space 116224K, 0% used [0x00000000f1d00000,0x00000000f1d00000,0x00000000f8e80000)
 ParOldGen       total 468480K, used 468179K [0x00000000c0000000, 0x00000000dc980000, 0x00000000eab00000)
  object space 468480K, 99% used [0x00000000c0000000,0x00000000dc934c60,0x00000000dc980000)
 Metaspace       used 6609K, capacity 7320K, committed 7680K, reserved 1056768K
  class space    used 617K, capacity 656K, committed 768K, reserved 1048576K

Card table byte_map: [0x00007fb942901000,0x00007fb942b02000] byte_map_base: 0x00007fb942301000

Marking Bits: (ParMarkBitMap*) 0x00007fb94521fd60
 Begin Bits: [0x00007fb9403a7000, 0x00007fb9413a7000)
 End Bits:   [0x00007fb9413a7000, 0x00007fb9423a7000)

Polling page: 0x00007fb945e6e000

CodeCache: size=245760Kb used=10454Kb max_used=12213Kb free=235305Kb
 bounds [0x00007fb92d000000, 0x00007fb92dc10000, 0x00007fb93c000000]
 total_blobs=2521 nmethods=2252 adapters=182
 compilation: enabled

Compilation events (10 events):
Event: 24.284 Thread 0x00007fb93c0b9800 nmethod 2723 0x00007fb92d2651d0 code [0x00007fb92d265360, 0x00007fb92d265ad8]
Event: 24.285 Thread 0x00007fb93c0b9800 2922       4       com.android.dx.cf.code.ByteCatchList::toTargetList (114 bytes)
Event: 24.345 Thread 0x00007fb93c0b9800 nmethod 2922 0x00007fb92d5a25d0 code [0x00007fb92d5a27a0, 0x00007fb92d5a3378]
Event: 24.345 Thread 0x00007fb93c0b9800 2596       4       com.android.dx.rop.code.RegisterSpecSet::intersect (117 bytes)
Event: 24.411 Thread 0x00007fb93c0b9800 nmethod 2596 0x00007fb92dbe6d50 code [0x00007fb92dbe6ee0, 0x00007fb92dbe7bf8]
Event: 24.411 Thread 0x00007fb93c0b9800 1289       4       com.android.dx.rop.code.BasicBlockList::forEachInsn (39 bytes)
Event: 24.418 Thread 0x00007fb93c0b9800 nmethod 1289 0x00007fb92d4352d0 code [0x00007fb92d435440, 0x00007fb92d435718]
Event: 24.418 Thread 0x00007fb93c0b9800 2615 %     4       com.android.dx.rop.code.RegisterSpecSet::localItemToSpec @ 8 (49 bytes)
Event: 24.442 Thread 0x00007fb93c0b9800 nmethod 2615% 0x00007fb92d235ed0 code [0x00007fb92d236040, 0x00007fb92d236b58]
Event: 24.442 Thread 0x00007fb93c0b9800 1279       4       java.util.HashMap::resize (359 bytes)

GC Heap History (10 events):
Event: 21.532 GC heap after
Heap after GC invocations=28 (full 4):
 PSYoungGen      total 232960K, used 105249K [0x00000000eab00000, 0x0000000100000000, 0x0000000100000000)
  eden space 116736K, 0% used [0x00000000eab00000,0x00000000eab00000,0x00000000f1d00000)
  from space 116224K, 90% used [0x00000000f8e80000,0x00000000ff5484d8,0x0000000100000000)
  to   space 116224K, 0% used [0x00000000f1d00000,0x00000000f1d00000,0x00000000f8e80000)
 ParOldGen       total 468480K, used 322391K [0x00000000c0000000, 0x00000000dc980000, 0x00000000eab00000)
  object space 468480K, 68% used [0x00000000c0000000,0x00000000d3ad5ef8,0x00000000dc980000)
 Metaspace       used 6607K, capacity 7320K, committed 7680K, reserved 1056768K
  class space    used 617K, capacity 656K, committed 768K, reserved 1048576K
}
Event: 21.902 GC heap before
{Heap before GC invocations=29 (full 4):
 PSYoungGen      total 232960K, used 221985K [0x00000000eab00000, 0x0000000100000000, 0x0000000100000000)
  eden space 116736K, 100% used [0x00000000eab00000,0x00000000f1d00000,0x00000000f1d00000)
  from space 116224K, 90% used [0x00000000f8e80000,0x00000000ff5484d8,0x0000000100000000)
  to   space 116224K, 0% used [0x00000000f1d00000,0x00000000f1d00000,0x00000000f8e80000)
 ParOldGen       total 468480K, used 322391K [0x00000000c0000000, 0x00000000dc980000, 0x00000000eab00000)
  object space 468480K, 68% used [0x00000000c0000000,0x00000000d3ad5ef8,0x00000000dc980000)
 Metaspace       used 6609K, capacity 7320K, committed 7680K, reserved 1056768K
  class space    used 617K, capacity 656K, committed 768K, reserved 1048576K
Event: 22.040 GC heap after
Heap after GC invocations=29 (full 4):
 PSYoungGen      total 232960K, used 111816K [0x00000000eab00000, 0x0000000100000000, 0x0000000100000000)
  eden space 116736K, 0% used [0x00000000eab00000,0x00000000eab00000,0x00000000f1d00000)
  from space 116224K, 96% used [0x00000000f1d00000,0x00000000f8a32160,0x00000000f8e80000)
  to   space 116224K, 0% used [0x00000000f8e80000,0x00000000f8e80000,0x0000000100000000)
 ParOldGen       total 468480K, used 335376K [0x00000000c0000000, 0x00000000dc980000, 0x00000000eab00000)
  object space 468480K, 71% used [0x00000000c0000000,0x00000000d4784038,0x00000000dc980000)
 Metaspace       used 6609K, capacity 7320K, committed 7680K, reserved 1056768K
  class space    used 617K, capacity 656K, committed 768K, reserved 1048576K
}
Event: 22.396 GC heap before
{Heap before GC invocations=30 (full 4):
 PSYoungGen      total 232960K, used 228552K [0x00000000eab00000, 0x0000000100000000, 0x0000000100000000)
  eden space 116736K, 100% used [0x00000000eab00000,0x00000000f1d00000,0x00000000f1d00000)
  from space 116224K, 96% used [0x00000000f1d00000,0x00000000f8a32160,0x00000000f8e80000)
  to   space 116224K, 0% used [0x00000000f8e80000,0x00000000f8e80000,0x0000000100000000)
 ParOldGen       total 468480K, used 335376K [0x00000000c0000000, 0x00000000dc980000, 0x00000000eab00000)
  object space 468480K, 71% used [0x00000000c0000000,0x00000000d4784038,0x00000000dc980000)
 Metaspace       used 6609K, capacity 7320K, committed 7680K, reserved 1056768K
  class space    used 617K, capacity 656K, committed 768K, reserved 1048576K
Event: 22.546 GC heap after
Heap after GC invocations=30 (full 4):
 PSYoungGen      total 232960K, used 90244K [0x00000000eab00000, 0x0000000100000000, 0x0000000100000000)
  eden space 116736K, 0% used [0x00000000eab00000,0x00000000eab00000,0x00000000f1d00000)
  from space 116224K, 77% used [0x00000000f8e80000,0x00000000fe6a11b8,0x0000000100000000)
  to   space 116224K, 0% used [0x00000000f1d00000,0x00000000f1d00000,0x00000000f8e80000)
 ParOldGen       total 468480K, used 372566K [0x00000000c0000000, 0x00000000dc980000, 0x00000000eab00000)
  object space 468480K, 79% used [0x00000000c0000000,0x00000000d6bd5aa8,0x00000000dc980000)
 Metaspace       used 6609K, capacity 7320K, committed 7680K, reserved 1056768K
  class space    used 617K, capacity 656K, committed 768K, reserved 1048576K
}
Event: 22.907 GC heap before
{Heap before GC invocations=31 (full 4):
 PSYoungGen      total 232960K, used 206980K [0x00000000eab00000, 0x0000000100000000, 0x0000000100000000)
  eden space 116736K, 100% used [0x00000000eab00000,0x00000000f1d00000,0x00000000f1d00000)
  from space 116224K, 77% used [0x00000000f8e80000,0x00000000fe6a11b8,0x0000000100000000)
  to   space 116224K, 0% used [0x00000000f1d00000,0x00000000f1d00000,0x00000000f8e80000)
 ParOldGen       total 468480K, used 372566K [0x00000000c0000000, 0x00000000dc980000, 0x00000000eab00000)
  object space 468480K, 79% used [0x00000000c0000000,0x00000000d6bd5aa8,0x00000000dc980000)
 Metaspace       used 6609K, capacity 7320K, committed 7680K, reserved 1056768K
  class space    used 617K, capacity 656K, committed 768K, reserved 1048576K
Event: 23.864 GC heap after
Heap after GC invocations=31 (full 4):
 PSYoungGen      total 232960K, used 75897K [0x00000000eab00000, 0x0000000100000000, 0x0000000100000000)
  eden space 116736K, 0% used [0x00000000eab00000,0x00000000eab00000,0x00000000f1d00000)
  from space 116224K, 65% used [0x00000000f1d00000,0x00000000f671e5c0,0x00000000f8e80000)
  to   space 116224K, 0% used [0x00000000f8e80000,0x00000000f8e80000,0x0000000100000000)
 ParOldGen       total 468480K, used 405853K [0x00000000c0000000, 0x00000000dc980000, 0x00000000eab00000)
  object space 468480K, 86% used [0x00000000c0000000,0x00000000d8c57410,0x00000000dc980000)
 Metaspace       used 6609K, capacity 7320K, committed 7680K, reserved 1056768K
  class space    used 617K, capacity 656K, committed 768K, reserved 1048576K
}
Event: 24.452 GC heap before
{Heap before GC invocations=32 (full 4):
 PSYoungGen      total 232960K, used 192633K [0x00000000eab00000, 0x0000000100000000, 0x0000000100000000)
  eden space 116736K, 100% used [0x00000000eab00000,0x00000000f1d00000,0x00000000f1d00000)
  from space 116224K, 65% used [0x00000000f1d00000,0x00000000f671e5c0,0x00000000f8e80000)
  to   space 116224K, 0% used [0x00000000f8e80000,0x00000000f8e80000,0x0000000100000000)
 ParOldGen       total 468480K, used 405853K [0x00000000c0000000, 0x00000000dc980000, 0x00000000eab00000)
  object space 468480K, 86% used [0x00000000c0000000,0x00000000d8c57410,0x00000000dc980000)
 Metaspace       used 6609K, capacity 7320K, committed 7680K, reserved 1056768K
  class space    used 617K, capacity 656K, committed 768K, reserved 1048576K
Event: 24.639 GC heap after
Heap after GC invocations=32 (full 4):
 PSYoungGen      total 232960K, used 111338K [0x00000000eab00000, 0x0000000100000000, 0x0000000100000000)
  eden space 116736K, 0% used [0x00000000eab00000,0x00000000eab00000,0x00000000f1d00000)
  from space 116224K, 95% used [0x00000000f8e80000,0x00000000ffb3ab00,0x0000000100000000)
  to   space 116224K, 0% used [0x00000000f1d00000,0x00000000f1d00000,0x00000000f8e80000)
 ParOldGen       total 468480K, used 444706K [0x00000000c0000000, 0x00000000dc980000, 0x00000000eab00000)
  object space 468480K, 94% used [0x00000000c0000000,0x00000000db248bb0,0x00000000dc980000)
 Metaspace       used 6609K, capacity 7320K, committed 7680K, reserved 1056768K
  class space    used 617K, capacity 656K, committed 768K, reserved 1048576K
}
Event: 24.639 GC heap before
{Heap before GC invocations=33 (full 5):
 PSYoungGen      total 232960K, used 111338K [0x00000000eab00000, 0x0000000100000000, 0x0000000100000000)
  eden space 116736K, 0% used [0x00000000eab00000,0x00000000eab00000,0x00000000f1d00000)
  from space 116224K, 95% used [0x00000000f8e80000,0x00000000ffb3ab00,0x0000000100000000)
  to   space 116224K, 0% used [0x00000000f1d00000,0x00000000f1d00000,0x00000000f8e80000)
 ParOldGen       total 468480K, used 444706K [0x00000000c0000000, 0x00000000dc980000, 0x00000000eab00000)
  object space 468480K, 94% used [0x00000000c0000000,0x00000000db248bb0,0x00000000dc980000)
 Metaspace       used 6609K, capacity 7320K, committed 7680K, reserved 1056768K
  class space    used 617K, capacity 656K, committed 768K, reserved 1048576K

Deoptimization events (10 events):
Event: 20.583 Thread 0x00007fb93c18d800 Uncommon trap: reason=class_check action=maybe_recompile pc=0x00007fb92db88150 method=com.android.dx.ssa.SsaConverter.placePhiFunctions(Lcom/android/dx/ssa/SsaMethod;Lcom/android/dx/ssa/LocalVariableInfo;I)V @ 257
Event: 20.585 Thread 0x00007fb93c18d800 Uncommon trap: reason=class_check action=maybe_recompile pc=0x00007fb92d9f01a8 method=com.android.dx.ssa.SsaConverter.placePhiFunctions(Lcom/android/dx/ssa/SsaMethod;Lcom/android/dx/ssa/LocalVariableInfo;I)V @ 257
Event: 20.589 Thread 0x00007fb93c18d800 Uncommon trap: reason=class_check action=maybe_recompile pc=0x00007fb92d9f01a8 method=com.android.dx.ssa.SsaConverter.placePhiFunctions(Lcom/android/dx/ssa/SsaMethod;Lcom/android/dx/ssa/LocalVariableInfo;I)V @ 257
Event: 20.589 Thread 0x00007fb93c18d800 Uncommon trap: reason=class_check action=maybe_recompile pc=0x00007fb92d9f01a8 method=com.android.dx.ssa.SsaConverter.placePhiFunctions(Lcom/android/dx/ssa/SsaMethod;Lcom/android/dx/ssa/LocalVariableInfo;I)V @ 257
Event: 20.743 Thread 0x00007fb93c18c000 Uncommon trap: reason=unstable_if action=reinterpret pc=0x00007fb92db16790 method=com.android.dx.ssa.SsaBasicBlock.scheduleMovesFromPhis()V @ 63
Event: 21.285 Thread 0x00007fb93c186800 Uncommon trap: reason=unstable_if action=reinterpret pc=0x00007fb92db4afcc method=com.android.dx.dex.code.RopTranslator.outputBlock(Lcom/android/dx/rop/code/BasicBlock;I)V @ 140
Event: 21.315 Thread 0x00007fb93c00a000 Uncommon trap: reason=unstable_if action=reinterpret pc=0x00007fb92db479cc method=com.android.dx.rop.type.Type.isReference()Z @ 6
Event: 21.334 Thread 0x00007fb93c18d800 Uncommon trap: reason=class_check action=maybe_recompile pc=0x00007fb92d8c986c method=com.android.dx.ssa.SCCP.simulateBranch(Lcom/android/dx/ssa/SsaInsn;)V @ 339
Event: 21.538 Thread 0x00007fb93c18d800 Uncommon trap: reason=class_check action=maybe_recompile pc=0x00007fb92d8c986c method=com.android.dx.ssa.SCCP.simulateBranch(Lcom/android/dx/ssa/SsaInsn;)V @ 339
Event: 21.870 Thread 0x00007fb93c18a000 Uncommon trap: reason=unstable_if action=reinterpret pc=0x00007fb92db98578 method=com.android.dx.rop.code.BasicBlockList.preferredSuccessorOf(Lcom/android/dx/rop/code/BasicBlock;)Lcom/android/dx/rop/code/BasicBlock; @ 58

Internal exceptions (8 events):
Event: 0.056 Thread 0x00007fb93c00a000 Exception <a 'java/lang/NoSuchMethodError': Method sun.misc.Unsafe.defineClass(Ljava/lang/String;[BII)Ljava/lang/Class; name or signature does not match> (0x00000000eab07cc0) thrown at [/HUDSON/workspace/8-2-build-linux-amd64/jdk8u91/6644/hotspot/src/shar
Event: 0.056 Thread 0x00007fb93c00a000 Exception <a 'java/lang/NoSuchMethodError': Method sun.misc.Unsafe.prefetchRead(Ljava/lang/Object;J)V name or signature does not match> (0x00000000eab07fa8) thrown at [/HUDSON/workspace/8-2-build-linux-amd64/jdk8u91/6644/hotspot/src/share/vm/prims/jni.cpp
Event: 1.676 Thread 0x00007fb93c18a000 Implicit null exception at 0x00007fb92d2e89b0 to 0x00007fb92d2eb5bd
Event: 3.002 Thread 0x00007fb93c18c000 Exception <a 'java/lang/ArrayIndexOutOfBoundsException': 18> (0x00000000eb587d88) thrown at [/HUDSON/workspace/8-2-build-linux-amd64/jdk8u91/6644/hotspot/src/share/vm/interpreter/interpreterRuntime.cpp, line 366]
Event: 3.002 Thread 0x00007fb93c18c000 Exception <a 'java/lang/ArrayIndexOutOfBoundsException': 145> (0x00000000eb589908) thrown at [/HUDSON/workspace/8-2-build-linux-amd64/jdk8u91/6644/hotspot/src/share/vm/interpreter/interpreterRuntime.cpp, line 366]
Event: 3.003 Thread 0x00007fb93c18c000 Exception <a 'java/lang/ArrayIndexOutOfBoundsException'> (0x00000000eb58abf0) thrown at [/HUDSON/workspace/8-2-build-linux-amd64/jdk8u91/6644/hotspot/src/share/vm/runtime/sharedRuntime.cpp, line 605]
Event: 9.748 Thread 0x00007fb93c18a000 Implicit null exception at 0x00007fb92d9b9076 to 0x00007fb92d9ba7b9
Event: 16.495 Thread 0x00007fb93c18c000 Implicit null exception at 0x00007fb92d3e4bd4 to 0x00007fb92d3e6115

Events (10 events):
Event: 22.904 Thread 0x00007fb93c0b9800 flushing nmethod 0x00007fb92d86e210
Event: 22.904 Thread 0x00007fb93c0b9800 flushing nmethod 0x00007fb92d87ab90
Event: 22.904 Thread 0x00007fb93c0b9800 flushing nmethod 0x00007fb92d898390
Event: 22.906 Executing VM operation: ParallelGCFailedAllocation
Event: 23.864 Executing VM operation: ParallelGCFailedAllocation done
Event: 23.884 Thread 0x00007fb93c18a000 DEOPT PACKING pc=0x00007fb92d3cd46c sp=0x00007fb926011fd0
Event: 23.884 Thread 0x00007fb93c18a000 DEOPT UNPACKING pc=0x00007fb92d047633 sp=0x00007fb926011cd0 mode 0
Event: 24.397 Thread 0x00007fb93c18d800 DEOPT PACKING pc=0x00007fb92d3cd46c sp=0x00007fb925e0fe80
Event: 24.401 Thread 0x00007fb93c18d800 DEOPT UNPACKING pc=0x00007fb92d047633 sp=0x00007fb925e0fb80 mode 0
Event: 24.450 Executing VM operation: ParallelGCFailedAllocation


Dynamic libraries:
00400000-00401000 r-xp 00000000 08:06 1310666                            /usr/lib/jvm/java-8-oracle/bin/java
00600000-00601000 rw-p 00000000 08:06 1310666                            /usr/lib/jvm/java-8-oracle/bin/java
0190a000-0192b000 rw-p 00000000 00:00 0                                  [heap]
c0000000-dc980000 rw-p 00000000 00:00 0 
e7780000-eab00000 ---p 00000000 00:00 0 
eab00000-100000000 rw-p 00000000 00:00 0 
100000000-1000c0000 rw-p 00000000 00:00 0 
1000c0000-140000000 ---p 00000000 00:00 0 
7fb8d8000000-7fb8d8045000 rw-p 00000000 00:00 0 
7fb8d8045000-7fb8dc000000 ---p 00000000 00:00 0 
7fb8e0000000-7fb8e0029000 rw-p 00000000 00:00 0 
7fb8e0029000-7fb8e4000000 ---p 00000000 00:00 0 
7fb8e4000000-7fb8e4058000 rw-p 00000000 00:00 0 
7fb8e4058000-7fb8e8000000 ---p 00000000 00:00 0 
7fb8e8000000-7fb8e8029000 rw-p 00000000 00:00 0 
7fb8e8029000-7fb8ec000000 ---p 00000000 00:00 0 
7fb8ec000000-7fb8ec021000 rw-p 00000000 00:00 0 
7fb8ec021000-7fb8f0000000 ---p 00000000 00:00 0 
7fb8f0000000-7fb8f0021000 rw-p 00000000 00:00 0 
7fb8f0021000-7fb8f4000000 ---p 00000000 00:00 0 
7fb8f4000000-7fb8f4021000 rw-p 00000000 00:00 0 
7fb8f4021000-7fb8f8000000 ---p 00000000 00:00 0 
7fb8f8000000-7fb8f9425000 rw-p 00000000 00:00 0 
7fb8f9425000-7fb8fc000000 ---p 00000000 00:00 0 
7fb8fc000000-7fb8fc7f8000 rw-p 00000000 00:00 0 
7fb8fc7f8000-7fb900000000 ---p 00000000 00:00 0 
7fb900000000-7fb900021000 rw-p 00000000 00:00 0 
7fb900021000-7fb904000000 ---p 00000000 00:00 0 
7fb904000000-7fb9056ca000 rw-p 00000000 00:00 0 
7fb9056ca000-7fb908000000 ---p 00000000 00:00 0 
7fb908000000-7fb908021000 rw-p 00000000 00:00 0 
7fb908021000-7fb90c000000 ---p 00000000 00:00 0 
7fb90c000000-7fb90c021000 rw-p 00000000 00:00 0 
7fb90c021000-7fb910000000 ---p 00000000 00:00 0 
7fb910000000-7fb910021000 rw-p 00000000 00:00 0 
7fb910021000-7fb914000000 ---p 00000000 00:00 0 
7fb914000000-7fb9142b0000 rw-p 00000000 00:00 0 
7fb9142b0000-7fb918000000 ---p 00000000 00:00 0 
7fb918000000-7fb918021000 rw-p 00000000 00:00 0 
7fb918021000-7fb91c000000 ---p 00000000 00:00 0 
7fb920000000-7fb920021000 rw-p 00000000 00:00 0 
7fb920021000-7fb924000000 ---p 00000000 00:00 0 
7fb925d11000-7fb925d14000 ---p 00000000 00:00 0 
7fb925d14000-7fb925e12000 rw-p 00000000 00:00 0 
7fb925e12000-7fb925e15000 ---p 00000000 00:00 0 
7fb925e15000-7fb925f13000 rw-p 00000000 00:00 0 
7fb925f13000-7fb925f16000 ---p 00000000 00:00 0 
7fb925f16000-7fb926014000 rw-p 00000000 00:00 0 
7fb926014000-7fb926017000 ---p 00000000 00:00 0 
7fb926017000-7fb926115000 rw-p 00000000 00:00 0 
7fb926115000-7fb926118000 ---p 00000000 00:00 0 
7fb926118000-7fb926216000 rw-p 00000000 00:00 0 
7fb926216000-7fb9262f1000 r--s 0088c000 08:0a 1837412                    /home/geekyint/Android/MyApplication/app/build/intermediates/transforms/jarMerging/debug/jars/1/1f/combined.jar
7fb9262f1000-7fb9262f2000 ---p 00000000 00:00 0 
7fb9262f2000-7fb9263f2000 rw-p 00000000 00:00 0 
7fb9263f2000-7fb9263f5000 ---p 00000000 00:00 0 
7fb9263f5000-7fb9264f3000 rw-p 00000000 00:00 0 
7fb9264f3000-7fb9264f6000 ---p 00000000 00:00 0 
7fb9264f6000-7fb9265f4000 rw-p 00000000 00:00 0 
7fb9265f4000-7fb9265f7000 ---p 00000000 00:00 0 
7fb9265f7000-7fb9266f5000 rw-p 00000000 00:00 0 
7fb9266f5000-7fb9266f8000 ---p 00000000 00:00 0 
7fb9266f8000-7fb9267f6000 rw-p 00000000 00:00 0 
7fb9267f6000-7fb9267f9000 ---p 00000000 00:00 0 
7fb9267f9000-7fb9268f7000 rw-p 00000000 00:00 0 
7fb9268f7000-7fb9273f4000 r--p 00000000 08:06 6221                       /usr/lib/locale/locale-archive
7fb9273f4000-7fb9273f7000 ---p 00000000 00:00 0 
7fb9273f7000-7fb9274f5000 rw-p 00000000 00:00 0 
7fb9274f5000-7fb9274f8000 ---p 00000000 00:00 0 
7fb9274f8000-7fb9275f6000 rw-p 00000000 00:00 0 
7fb9275f6000-7fb9275f7000 ---p 00000000 00:00 0 
7fb9275f7000-7fb928000000 rw-p 00000000 00:00 0 
7fb928000000-7fb928021000 rw-p 00000000 00:00 0 
7fb928021000-7fb92c000000 ---p 00000000 00:00 0 
7fb92c021000-7fb92c627000 rw-p 00000000 00:00 0 
7fb92c627000-7fb92c800000 r--s 03d1f000 08:06 1310785                    /usr/lib/jvm/java-8-oracle/jre/lib/rt.jar
7fb92c800000-7fb92cec0000 rw-p 00000000 00:00 0 
7fb92cec0000-7fb92d000000 ---p 00000000 00:00 0 
7fb92d000000-7fb92dc10000 rwxp 00000000 00:00 0 
7fb92dc10000-7fb93c000000 ---p 00000000 00:00 0 
7fb93c000000-7fb93c3a0000 rw-p 00000000 00:00 0 
7fb93c3a0000-7fb940000000 ---p 00000000 00:00 0 
7fb94007f000-7fb9423a7000 rw-p 00000000 00:00 0 
7fb9423a7000-7fb9423a8000 ---p 00000000 00:00 0 
7fb9423a8000-7fb9424a8000 rw-p 00000000 00:00 0 
7fb9424a8000-7fb9424a9000 ---p 00000000 00:00 0 
7fb9424a9000-7fb9425a9000 rw-p 00000000 00:00 0 
7fb9425a9000-7fb9425aa000 ---p 00000000 00:00 0 
7fb9425aa000-7fb9426aa000 rw-p 00000000 00:00 0 
7fb9426aa000-7fb9426ab000 ---p 00000000 00:00 0 
7fb9426ab000-7fb942890000 rw-p 00000000 00:00 0 
7fb942890000-7fb942901000 ---p 00000000 00:00 0 
7fb942901000-7fb9429e6000 rw-p 00000000 00:00 0 
7fb9429e6000-7fb942a56000 ---p 00000000 00:00 0 
7fb942a56000-7fb942b01000 rw-p 00000000 00:00 0 
7fb942b01000-7fb942b33000 rw-p 00000000 00:00 0 
7fb942b33000-7fb942ec2000 ---p 00000000 00:00 0 
7fb942ec2000-7fb942edc000 r-xp 00000000 08:06 1310866                    /usr/lib/jvm/java-8-oracle/jre/lib/amd64/libzip.so
7fb942edc000-7fb9430dc000 ---p 0001a000 08:06 1310866                    /usr/lib/jvm/java-8-oracle/jre/lib/amd64/libzip.so
7fb9430dc000-7fb9430dd000 rw-p 0001a000 08:06 1310866                    /usr/lib/jvm/java-8-oracle/jre/lib/amd64/libzip.so
7fb9430dd000-7fb9430e8000 r-xp 00000000 08:06 1180409                    /lib/x86_64-linux-gnu/libnss_files-2.23.so
7fb9430e8000-7fb9432e7000 ---p 0000b000 08:06 1180409                    /lib/x86_64-linux-gnu/libnss_files-2.23.so
7fb9432e7000-7fb9432e8000 r--p 0000a000 08:06 1180409                    /lib/x86_64-linux-gnu/libnss_files-2.23.so
7fb9432e8000-7fb9432e9000 rw-p 0000b000 08:06 1180409                    /lib/x86_64-linux-gnu/libnss_files-2.23.so
7fb9432e9000-7fb9432ef000 rw-p 00000000 00:00 0 
7fb9432ef000-7fb9432fa000 r-xp 00000000 08:06 1180419                    /lib/x86_64-linux-gnu/libnss_nis-2.23.so
7fb9432fa000-7fb9434f9000 ---p 0000b000 08:06 1180419                    /lib/x86_64-linux-gnu/libnss_nis-2.23.so
7fb9434f9000-7fb9434fa000 r--p 0000a000 08:06 1180419                    /lib/x86_64-linux-gnu/libnss_nis-2.23.so
7fb9434fa000-7fb9434fb000 rw-p 0000b000 08:06 1180419                    /lib/x86_64-linux-gnu/libnss_nis-2.23.so
7fb9434fb000-7fb943511000 r-xp 00000000 08:06 1180403                    /lib/x86_64-linux-gnu/libnsl-2.23.so
7fb943511000-7fb943710000 ---p 00016000 08:06 1180403                    /lib/x86_64-linux-gnu/libnsl-2.23.so
7fb943710000-7fb943711000 r--p 00015000 08:06 1180403                    /lib/x86_64-linux-gnu/libnsl-2.23.so
7fb943711000-7fb943712000 rw-p 00016000 08:06 1180403                    /lib/x86_64-linux-gnu/libnsl-2.23.so
7fb943712000-7fb943714000 rw-p 00000000 00:00 0 
7fb943714000-7fb94371c000 r-xp 00000000 08:06 1180405                    /lib/x86_64-linux-gnu/libnss_compat-2.23.so
7fb94371c000-7fb94391b000 ---p 00008000 08:06 1180405                    /lib/x86_64-linux-gnu/libnss_compat-2.23.so
7fb94391b000-7fb94391c000 r--p 00007000 08:06 1180405                    /lib/x86_64-linux-gnu/libnss_compat-2.23.so
7fb94391c000-7fb94391d000 rw-p 00008000 08:06 1180405                    /lib/x86_64-linux-gnu/libnss_compat-2.23.so
7fb94391d000-7fb943947000 r-xp 00000000 08:06 1310861                    /usr/lib/jvm/java-8-oracle/jre/lib/amd64/libjava.so
7fb943947000-7fb943b47000 ---p 0002a000 08:06 1310861                    /usr/lib/jvm/java-8-oracle/jre/lib/amd64/libjava.so
7fb943b47000-7fb943b49000 rw-p 0002a000 08:06 1310861                    /usr/lib/jvm/java-8-oracle/jre/lib/amd64/libjava.so
7fb943b49000-7fb943b56000 r-xp 00000000 08:06 1310865                    /usr/lib/jvm/java-8-oracle/jre/lib/amd64/libverify.so
7fb943b56000-7fb943d56000 ---p 0000d000 08:06 1310865                    /usr/lib/jvm/java-8-oracle/jre/lib/amd64/libverify.so
7fb943d56000-7fb943d58000 rw-p 0000d000 08:06 1310865                    /usr/lib/jvm/java-8-oracle/jre/lib/amd64/libverify.so
7fb943d58000-7fb943d5f000 r-xp 00000000 08:06 1180464                    /lib/x86_64-linux-gnu/librt-2.23.so
7fb943d5f000-7fb943f5e000 ---p 00007000 08:06 1180464                    /lib/x86_64-linux-gnu/librt-2.23.so
7fb943f5e000-7fb943f5f000 r--p 00006000 08:06 1180464                    /lib/x86_64-linux-gnu/librt-2.23.so
7fb943f5f000-7fb943f60000 rw-p 00007000 08:06 1180464                    /lib/x86_64-linux-gnu/librt-2.23.so
7fb943f60000-7fb944068000 r-xp 00000000 08:06 1180380                    /lib/x86_64-linux-gnu/libm-2.23.so
7fb944068000-7fb944267000 ---p 00108000 08:06 1180380                    /lib/x86_64-linux-gnu/libm-2.23.so
7fb944267000-7fb944268000 r--p 00107000 08:06 1180380                    /lib/x86_64-linux-gnu/libm-2.23.so
7fb944268000-7fb944269000 rw-p 00108000 08:06 1180380                    /lib/x86_64-linux-gnu/libm-2.23.so
7fb944269000-7fb944f29000 r-xp 00000000 08:06 1437321                    /usr/lib/jvm/java-8-oracle/jre/lib/amd64/server/libjvm.so
7fb944f29000-7fb945129000 ---p 00cc0000 08:06 1437321                    /usr/lib/jvm/java-8-oracle/jre/lib/amd64/server/libjvm.so
7fb945129000-7fb945201000 rw-p 00cc0000 08:06 1437321                    /usr/lib/jvm/java-8-oracle/jre/lib/amd64/server/libjvm.so
7fb945201000-7fb94524c000 rw-p 00000000 00:00 0 
7fb94524c000-7fb94540c000 r-xp 00000000 08:06 1180310                    /lib/x86_64-linux-gnu/libc-2.23.so
7fb94540c000-7fb94560b000 ---p 001c0000 08:06 1180310                    /lib/x86_64-linux-gnu/libc-2.23.so
7fb94560b000-7fb94560f000 r--p 001bf000 08:06 1180310                    /lib/x86_64-linux-gnu/libc-2.23.so
7fb94560f000-7fb945611000 rw-p 001c3000 08:06 1180310                    /lib/x86_64-linux-gnu/libc-2.23.so
7fb945611000-7fb945615000 rw-p 00000000 00:00 0 
7fb945615000-7fb945618000 r-xp 00000000 08:06 1180334                    /lib/x86_64-linux-gnu/libdl-2.23.so
7fb945618000-7fb945817000 ---p 00003000 08:06 1180334                    /lib/x86_64-linux-gnu/libdl-2.23.so
7fb945817000-7fb945818000 r--p 00002000 08:06 1180334                    /lib/x86_64-linux-gnu/libdl-2.23.so
7fb945818000-7fb945819000 rw-p 00003000 08:06 1180334                    /lib/x86_64-linux-gnu/libdl-2.23.so
7fb945819000-7fb94582e000 r-xp 00000000 08:06 803597                     /usr/lib/jvm/java-8-oracle/lib/amd64/jli/libjli.so
7fb94582e000-7fb945a2e000 ---p 00015000 08:06 803597                     /usr/lib/jvm/java-8-oracle/lib/amd64/jli/libjli.so
7fb945a2e000-7fb945a2f000 rw-p 00015000 08:06 803597                     /usr/lib/jvm/java-8-oracle/lib/amd64/jli/libjli.so
7fb945a2f000-7fb945a47000 r-xp 00000000 08:06 1180456                    /lib/x86_64-linux-gnu/libpthread-2.23.so
7fb945a47000-7fb945c46000 ---p 00018000 08:06 1180456                    /lib/x86_64-linux-gnu/libpthread-2.23.so
7fb945c46000-7fb945c47000 r--p 00017000 08:06 1180456                    /lib/x86_64-linux-gnu/libpthread-2.23.so
7fb945c47000-7fb945c48000 rw-p 00018000 08:06 1180456                    /lib/x86_64-linux-gnu/libpthread-2.23.so
7fb945c48000-7fb945c4c000 rw-p 00000000 00:00 0 
7fb945c4c000-7fb945c72000 r-xp 00000000 08:06 1180282                    /lib/x86_64-linux-gnu/ld-2.23.so
7fb945c78000-7fb945d51000 rw-p 00000000 00:00 0 
7fb945d51000-7fb945d54000 ---p 00000000 00:00 0 
7fb945d54000-7fb945e56000 rw-p 00000000 00:00 0 
7fb945e57000-7fb945e65000 r--s 000e0000 08:0a 2883869                    /home/geekyint/Android/Sdk/build-tools/24.0.0/lib/dx.jar
7fb945e65000-7fb945e6d000 rw-s 00000000 08:08 135                        /tmp/hsperfdata_geekyint/15260
7fb945e6d000-7fb945e6e000 rw-p 00000000 00:00 0 
7fb945e6e000-7fb945e6f000 ---p 00000000 00:00 0 
7fb945e6f000-7fb945e71000 rw-p 00000000 00:00 0 
7fb945e71000-7fb945e72000 r--p 00025000 08:06 1180282                    /lib/x86_64-linux-gnu/ld-2.23.so
7fb945e72000-7fb945e73000 rw-p 00026000 08:06 1180282                    /lib/x86_64-linux-gnu/ld-2.23.so
7fb945e73000-7fb945e74000 rw-p 00000000 00:00 0 
7fff55e76000-7fff55e98000 rw-p 00000000 00:00 0                          [stack]
7fff55f71000-7fff55f73000 r--p 00000000 00:00 0                          [vvar]
7fff55f73000-7fff55f75000 r-xp 00000000 00:00 0                          [vdso]
ffffffffff600000-ffffffffff601000 r-xp 00000000 00:00 0                  [vsyscall]

VM Arguments:
jvm_args: -Djava.awt.headless=true -Xmx1024M -Dfile.encoding=UTF-8 -Duser.country=IN -Duser.language=en -Duser.variant 
java_command: com.android.dx.command.Main --dex --num-threads=4 --multi-dex --main-dex-list /home/geekyint/Android/MyApplication/app/build/intermediates/multi-dex/debug/maindexlist.txt --output /home/geekyint/Android/MyApplication/app/build/intermediates/transforms/dex/debug/folders/1000/1f/main /home/geekyint/Android/MyApplication/app/build/intermediates/transforms/jarMerging/debug/jars/1/1f/combined.jar
java_class_path (initial): /home/geekyint/Android/Sdk/build-tools/24.0.0/lib/dx.jar
Launcher Type: SUN_STANDARD

Environment Variables:
PATH=/usr/local/sbin:/usr/local/bin:/usr/sbin:/usr/bin:/sbin:/bin:/usr/games:/usr/local/games:/snap/bin
LD_LIBRARY_PATH=.:
SHELL=/bin/bash
DISPLAY=:0

Signal Handlers:
SIGSEGV: [libjvm.so+0xabca10], sa_mask[0]=11111111011111111101111111111110, sa_flags=SA_RESTART|SA_SIGINFO
SIGBUS: [libjvm.so+0xabca10], sa_mask[0]=11111111011111111101111111111110, sa_flags=SA_RESTART|SA_SIGINFO
SIGFPE: [libjvm.so+0x919a20], sa_mask[0]=11111111011111111101111111111110, sa_flags=SA_RESTART|SA_SIGINFO
SIGPIPE: [libjvm.so+0x919a20], sa_mask[0]=11111111011111111101111111111110, sa_flags=SA_RESTART|SA_SIGINFO
SIGXFSZ: [libjvm.so+0x919a20], sa_mask[0]=11111111011111111101111111111110, sa_flags=SA_RESTART|SA_SIGINFO
SIGILL: [libjvm.so+0x919a20], sa_mask[0]=11111111011111111101111111111110, sa_flags=SA_RESTART|SA_SIGINFO
SIGUSR1: SIG_DFL, sa_mask[0]=00000000000000000000000000000000, sa_flags=none
SIGUSR2: [libjvm.so+0x91b050], sa_mask[0]=00100000000000000000000000000000, sa_flags=SA_RESTART|SA_SIGINFO
SIGHUP: [libjvm.so+0x91c450], sa_mask[0]=11111111011111111101111111111110, sa_flags=SA_RESTART|SA_SIGINFO
SIGINT: [libjvm.so+0x91c450], sa_mask[0]=11111111011111111101111111111110, sa_flags=SA_RESTART|SA_SIGINFO
SIGTERM: [libjvm.so+0x91c450], sa_mask[0]=11111111011111111101111111111110, sa_flags=SA_RESTART|SA_SIGINFO
SIGQUIT: [libjvm.so+0x91c450], sa_mask[0]=11111111011111111101111111111110, sa_flags=SA_RESTART|SA_SIGINFO


---------------  S Y S T E M  ---------------

OS:DISTRIB_ID=Ubuntu
DISTRIB_RELEASE=16.04
DISTRIB_CODENAME=xenial
DISTRIB_DESCRIPTION="Ubuntu 16.04 LTS"

uname:Linux 4.4.0-31-generic #50-Ubuntu SMP Wed Jul 13 00:07:12 UTC 2016 x86_64
libc:glibc 2.23 NPTL 2.23 
rlimit: STACK 8192k, CORE 0k, NPROC 23035, NOFILE 65536, AS infinity
load average:3.28 1.35 0.90

/proc/meminfo:
MemTotal:        5997324 kB
MemFree:          117888 kB
MemAvailable:      61792 kB
Buffers:            2772 kB
Cached:           279768 kB
SwapCached:        13672 kB
Active:          4517020 kB
Inactive:        1159964 kB
Active(anon):    4470804 kB
Inactive(anon):  1114740 kB
Active(file):      46216 kB
Inactive(file):    45224 kB
Unevictable:          32 kB
Mlocked:              32 kB
SwapTotal:        499708 kB
SwapFree:              0 kB
Dirty:               876 kB
Writeback:             0 kB
AnonPages:       5381288 kB
Mapped:           139880 kB
Shmem:            191044 kB
Slab:              98996 kB
SReclaimable:      55948 kB
SUnreclaim:        43048 kB
KernelStack:       12000 kB
PageTables:        46128 kB
NFS_Unstable:          0 kB
Bounce:                0 kB
WritebackTmp:          0 kB
CommitLimit:     3498368 kB
Committed_AS:   10328916 kB
VmallocTotal:   34359738367 kB
VmallocUsed:           0 kB
VmallocChunk:          0 kB
HardwareCorrupted:     0 kB
AnonHugePages:   2635776 kB
CmaTotal:              0 kB
CmaFree:               0 kB
HugePages_Total:       0
HugePages_Free:        0
HugePages_Rsvd:        0
HugePages_Surp:        0
Hugepagesize:       2048 kB
DirectMap4k:      190204 kB
DirectMap2M:     5988352 kB


CPU:total 4 (2 cores per cpu, 2 threads per core) family 6 model 58 stepping 9, cmov, cx8, fxsr, mmx, sse, sse2, sse3, ssse3, sse4.1, sse4.2, popcnt, avx, clmul, erms, ht, tsc, tscinvbit, tscinv

/proc/cpuinfo:
processor	: 0
vendor_id	: GenuineIntel
cpu family	: 6
model		: 58
model name	: Intel(R) Core(TM) i3-3110M CPU @ 2.40GHz
stepping	: 9
microcode	: 0x1c
cpu MHz		: 1200.937
cache size	: 3072 KB
physical id	: 0
siblings	: 4
core id		: 0
cpu cores	: 2
apicid		: 0
initial apicid	: 0
fpu		: yes
fpu_exception	: yes
cpuid level	: 13
wp		: yes
flags		: fpu vme de pse tsc msr pae mce cx8 apic sep mtrr pge mca cmov pat pse36 clflush dts acpi mmx fxsr sse sse2 ss ht tm pbe syscall nx rdtscp lm constant_tsc arch_perfmon pebs bts rep_good nopl xtopology nonstop_tsc aperfmperf eagerfpu pni pclmulqdq dtes64 monitor ds_cpl vmx est tm2 ssse3 cx16 xtpr pdcm pcid sse4_1 sse4_2 x2apic popcnt tsc_deadline_timer xsave avx f16c lahf_lm epb tpr_shadow vnmi flexpriority ept vpid fsgsbase smep erms xsaveopt dtherm arat pln pts
bugs		:
bogomips	: 4789.42
clflush size	: 64
cache_alignment	: 64
address sizes	: 36 bits physical, 48 bits virtual
power management:

processor	: 1
vendor_id	: GenuineIntel
cpu family	: 6
model		: 58
model name	: Intel(R) Core(TM) i3-3110M CPU @ 2.40GHz
stepping	: 9
microcode	: 0x1c
cpu MHz		: 1219.781
cache size	: 3072 KB
physical id	: 0
siblings	: 4
core id		: 0
cpu cores	: 2
apicid		: 1
initial apicid	: 1
fpu		: yes
fpu_exception	: yes
cpuid level	: 13
wp		: yes
flags		: fpu vme de pse tsc msr pae mce cx8 apic sep mtrr pge mca cmov pat pse36 clflush dts acpi mmx fxsr sse sse2 ss ht tm pbe syscall nx rdtscp lm constant_tsc arch_perfmon pebs bts rep_good nopl xtopology nonstop_tsc aperfmperf eagerfpu pni pclmulqdq dtes64 monitor ds_cpl vmx est tm2 ssse3 cx16 xtpr pdcm pcid sse4_1 sse4_2 x2apic popcnt tsc_deadline_timer xsave avx f16c lahf_lm epb tpr_shadow vnmi flexpriority ept vpid fsgsbase smep erms xsaveopt dtherm arat pln pts
bugs		:
bogomips	: 4789.42
clflush size	: 64
cache_alignment	: 64
address sizes	: 36 bits physical, 48 bits virtual
power management:

processor	: 2
vendor_id	: GenuineIntel
cpu family	: 6
model		: 58
model name	: Intel(R) Core(TM) i3-3110M CPU @ 2.40GHz
stepping	: 9
microcode	: 0x1c
cpu MHz		: 1200.468
cache size	: 3072 KB
physical id	: 0
siblings	: 4
core id		: 1
cpu cores	: 2
apicid		: 2
initial apicid	: 2
fpu		: yes
fpu_exception	: yes
cpuid level	: 13
wp		: yes
flags		: fpu vme de pse tsc msr pae mce cx8 apic sep mtrr pge mca cmov pat pse36 clflush dts acpi mmx fxsr sse sse2 ss ht tm pbe syscall nx rdtscp lm constant_tsc arch_perfmon pebs bts rep_good nopl xtopology nonstop_tsc aperfmperf eagerfpu pni pclmulqdq dtes64 monitor ds_cpl vmx est tm2 ssse3 cx16 xtpr pdcm pcid sse4_1 sse4_2 x2apic popcnt tsc_deadline_timer xsave avx f16c lahf_lm epb tpr_shadow vnmi flexpriority ept vpid fsgsbase smep erms xsaveopt dtherm arat pln pts
bugs		:
bogomips	: 4789.42
clflush size	: 64
cache_alignment	: 64
address sizes	: 36 bits physical, 48 bits virtual
power management:

processor	: 3
vendor_id	: GenuineIntel
cpu family	: 6
model		: 58
model name	: Intel(R) Core(TM) i3-3110M CPU @ 2.40GHz
stepping	: 9
microcode	: 0x1c
cpu MHz		: 1267.781
cache size	: 3072 KB
physical id	: 0
siblings	: 4
core id		: 1
cpu cores	: 2
apicid		: 3
initial apicid	: 3
fpu		: yes
fpu_exception	: yes
cpuid level	: 13
wp		: yes
flags		: fpu vme de pse tsc msr pae mce cx8 apic sep mtrr pge mca cmov pat pse36 clflush dts acpi mmx fxsr sse sse2 ss ht tm pbe syscall nx rdtscp lm constant_tsc arch_perfmon pebs bts rep_good nopl xtopology nonstop_tsc aperfmperf eagerfpu pni pclmulqdq dtes64 monitor ds_cpl vmx est tm2 ssse3 cx16 xtpr pdcm pcid sse4_1 sse4_2 x2apic popcnt tsc_deadline_timer xsave avx f16c lahf_lm epb tpr_shadow vnmi flexpriority ept vpid fsgsbase smep erms xsaveopt dtherm arat pln pts
bugs		:
bogomips	: 4789.42
clflush size	: 64
cache_alignment	: 64
address sizes	: 36 bits physical, 48 bits virtual
power management:



Memory: 4k page, physical 5997324k(117888k free), swap 499708k(0k free)

vm_info: Java HotSpot(TM) 64-Bit Server VM (25.91-b14) for linux-amd64 JRE (1.8.0_91-b14), built on Apr  1 2016 00:57:21 by "java_re" with gcc 4.3.0 20080428 (Red Hat 4.3.0-8)

time: Thu Aug  4 00:30:58 2016
elapsed time: 27 seconds (0d 0h 0m 27s)

